Building dataset for mexico-earthquake train...
Processing...
Building mexico-earthquake_00000100...
Building mexico-earthquake_00000154...
Building mexico-earthquake_00000000...
Building mexico-earthquake_00000007...
Building mexico-earthquake_00000040...
Building mexico-earthquake_00000053...
Building mexico-earthquake_00000171...
Building mexico-earthquake_00000064...
Building mexico-earthquake_00000186...
Building mexico-earthquake_00000181...
Building mexico-earthquake_00000144...
Building mexico-earthquake_00000191...
Building mexico-earthquake_00000059...
Building mexico-earthquake_00000184...
Building mexico-earthquake_00000115...
Building mexico-earthquake_00000057...
Building mexico-earthquake_00000042...
Building mexico-earthquake_00000092...
Building mexico-earthquake_00000089...
Building mexico-earthquake_00000182...
Building mexico-earthquake_00000029...
Building mexico-earthquake_00000017...
Building mexico-earthquake_00000158...
Building mexico-earthquake_00000067...
Building mexico-earthquake_00000085...
Building mexico-earthquake_00000151...
Building mexico-earthquake_00000146...
Building mexico-earthquake_00000074...
Building mexico-earthquake_00000037...
Building mexico-earthquake_00000082...
Building mexico-earthquake_00000008...
Building mexico-earthquake_00000002...
Building mexico-earthquake_00000024...
Building mexico-earthquake_00000088...
Building mexico-earthquake_00000021...
Building mexico-earthquake_00000118...
Building mexico-earthquake_00000126...
Building mexico-earthquake_00000129...
Building mexico-earthquake_00000078...
Building mexico-earthquake_00000127...
Building mexico-earthquake_00000128...
Building mexico-earthquake_00000013...
Building mexico-earthquake_00000023...
Building mexico-earthquake_00000019...
Building mexico-earthquake_00000120...
Building mexico-earthquake_00000047...
Building mexico-earthquake_00000009...
Building mexico-earthquake_00000018...
Building mexico-earthquake_00000027...
Building mexico-earthquake_00000153...
Building mexico-earthquake_00000055...
Building mexico-earthquake_00000086...
Building mexico-earthquake_00000068...
Building mexico-earthquake_00000177...
Building mexico-earthquake_00000098...
Building mexico-earthquake_00000011...
Building mexico-earthquake_00000087...
Building mexico-earthquake_00000044...
Building mexico-earthquake_00000160...
Building mexico-earthquake_00000079...
Building mexico-earthquake_00000142...
Building mexico-earthquake_00000084...
Building mexico-earthquake_00000035...
Building mexico-earthquake_00000001...
Building mexico-earthquake_00000004...
Building mexico-earthquake_00000105...
Building mexico-earthquake_00000108...
Building mexico-earthquake_00000041...
Building mexico-earthquake_00000102...
Building mexico-earthquake_00000159...
Building mexico-earthquake_00000070...
Building mexico-earthquake_00000111...
Building mexico-earthquake_00000039...
Building mexico-earthquake_00000030...
Building mexico-earthquake_00000136...
Building mexico-earthquake_00000101...
Building mexico-earthquake_00000132...
Building mexico-earthquake_00000020...
Building mexico-earthquake_00000104...
Building mexico-earthquake_00000033...
Building mexico-earthquake_00000093...
Building mexico-earthquake_00000046...
Building mexico-earthquake_00000103...
Building mexico-earthquake_00000015...
Building mexico-earthquake_00000141...
Building mexico-earthquake_00000072...
Building mexico-earthquake_00000110...
Building mexico-earthquake_00000119...
Building mexico-earthquake_00000034...
Building mexico-earthquake_00000032...
Building mexico-earthquake_00000075...
Building mexico-earthquake_00000179...
Building mexico-earthquake_00000066...
Building mexico-earthquake_00000150...
Building mexico-earthquake_00000168...
Building mexico-earthquake_00000152...
Building mexico-earthquake_00000114...
Building mexico-earthquake_00000164...
Building mexico-earthquake_00000176...
Building mexico-earthquake_00000172...
Building mexico-earthquake_00000148...
Building mexico-earthquake_00000166...
Building mexico-earthquake_00000031...
Building mexico-earthquake_00000096...
Building mexico-earthquake_00000155...
Done!
****mexico-earthquake train done****
Building dataset for mexico-earthquake test...
Processing...
Building mexico-earthquake_00000117...
Building mexico-earthquake_00000058...
Building mexico-earthquake_00000188...
Building mexico-earthquake_00000006...
Building mexico-earthquake_00000063...
Building mexico-earthquake_00000094...
Building mexico-earthquake_00000183...
Building mexico-earthquake_00000135...
Building mexico-earthquake_00000121...
Building mexico-earthquake_00000061...
Building mexico-earthquake_00000139...
Building mexico-earthquake_00000131...
Building mexico-earthquake_00000124...
Building mexico-earthquake_00000069...
Building mexico-earthquake_00000163...
Building mexico-earthquake_00000076...
Building mexico-earthquake_00000065...
Building mexico-earthquake_00000005...
Building mexico-earthquake_00000161...
Building mexico-earthquake_00000010...
Building mexico-earthquake_00000187...
Building mexico-earthquake_00000012...
Building mexico-earthquake_00000080...
Building mexico-earthquake_00000180...
Building mexico-earthquake_00000189...
Building mexico-earthquake_00000174...
Building mexico-earthquake_00000157...
Building mexico-earthquake_00000090...
Building mexico-earthquake_00000028...
Building mexico-earthquake_00000178...
Building mexico-earthquake_00000022...
Building mexico-earthquake_00000025...
Building mexico-earthquake_00000113...
Building mexico-earthquake_00000109...
Building mexico-earthquake_00000095...
Building mexico-earthquake_00000190...
Building mexico-earthquake_00000106...
Building mexico-earthquake_00000169...
Done!
****mexico-earthquake test done****
Building dataset for mexico-earthquake hold...
Processing...
Building mexico-earthquake_00000167...
Building mexico-earthquake_00000162...
Building mexico-earthquake_00000147...
Building mexico-earthquake_00000036...
Building mexico-earthquake_00000038...
Building mexico-earthquake_00000050...
Building mexico-earthquake_00000123...
Building mexico-earthquake_00000130...
Building mexico-earthquake_00000081...
Building mexico-earthquake_00000097...
Building mexico-earthquake_00000077...
Building mexico-earthquake_00000116...
Building mexico-earthquake_00000045...
Building mexico-earthquake_00000014...
Building mexico-earthquake_00000134...
Building mexico-earthquake_00000133...
Building mexico-earthquake_00000091...
Building mexico-earthquake_00000156...
Building mexico-earthquake_00000060...
Building mexico-earthquake_00000026...
Building mexico-earthquake_00000073...
Building mexico-earthquake_00000051...
Building mexico-earthquake_00000056...
Building mexico-earthquake_00000071...
Building mexico-earthquake_00000054...
Building mexico-earthquake_00000062...
Building mexico-earthquake_00000149...
Building mexico-earthquake_00000137...
Building mexico-earthquake_00000016...
Building mexico-earthquake_00000145...
Building mexico-earthquake_00000170...
Building mexico-earthquake_00000175...
Building mexico-earthquake_00000165...
Building mexico-earthquake_00000099...
Done!
****mexico-earthquake hold done****
Building dataset for palu-tsunami train...
Processing...
Building palu-tsunami_00000118...
Building palu-tsunami_00000137...
